2023-03-29 15:12:27,025 INFO  [Log] ****************           -S-T-A-R-T-Test1       **************** 
2023-03-29 15:12:27,693 INFO  [Log] I am logging in testcase1 
2023-03-29 15:12:29,682 INFO  [Log] ****************           -S-T-A-R-T-Test 2       **************** 
2023-03-29 15:12:31,885 INFO  [Log] I am logging in testcase 2 
2023-03-29 15:12:35,528 INFO  [Log] ****************           -S-T-A-R-T-Test 3       **************** 
2023-03-29 15:12:41,009 INFO  [Log] I am in testcase 3  
2023-03-29 15:12:43,297 INFO  [Log] ****************           -S-T-A-R-T-Test 4A       **************** 
2023-03-29 15:12:46,302 INFO  [Log] ****************           -S-T-A-R-T-Test 4B       **************** 
2023-03-29 15:12:48,781 INFO  [Log] ****************           -S-T-A-R-T-Test 5       **************** 
2023-03-29 15:12:55,442 INFO  [Log] ****************           -S-T-A-R-T-Test 6       **************** 
2023-03-29 15:13:07,946 INFO  [Log] ****************           -S-T-A-R-T-Test 6       **************** 
2023-03-29 15:13:29,558 INFO  [Log] ****************           -S-T-A-R-T-Test 6       **************** 
2023-03-29 15:13:43,257 INFO  [Log] ****************           -S-T-A-R-T-Test 6       **************** 
2023-03-29 15:13:59,176 INFO  [Log] ****************           -S-T-A-R-T-Test 7       **************** 
2023-03-29 15:14:11,354 INFO  [Log] ****************           -S-T-A-R-T-Test 7       **************** 
2023-03-29 15:14:28,742 INFO  [Log] ****************           -S-T-A-R-T-Test 7       **************** 
2023-03-29 15:14:42,853 INFO  [Log] ****************           -S-T-A-R-T-Test 7       **************** 
2023-03-29 15:14:55,832 INFO  [Log] ****************           -S-T-A-R-T-Test 8       **************** 
2023-03-29 15:15:01,939 INFO  [Log] ****************           -S-T-A-R-T-Test 9       **************** 
2023-03-29 15:15:08,895 INFO  [Log] ****************           -S-T-A-R-T-Test 10       **************** 
2023-03-29 15:15:21,811 INFO  [Log] ****************           -S-T-A-R-T-Test 11       **************** 
2023-03-29 15:15:32,750 INFO  [Log] ****************           -S-T-A-R-T-Test 12       **************** 
2023-03-29 15:15:49,247 INFO  [Log] ****************           -S-T-A-R-T-Test 13       **************** 
2023-03-29 15:16:03,683 INFO  [Log] ****************           -S-T-A-R-T-Test 14       **************** 
2023-03-29 15:16:22,298 INFO  [Log] ****************           -S-T-A-R-T-Test 15       **************** 
2023-03-29 15:16:32,235 INFO  [Log] ****************           -S-T-A-R-T-Test 16       **************** 
2023-03-29 15:16:46,633 INFO  [Log] ****************           -S-T-A-R-T-Test 17       **************** 
2023-03-29 15:16:58,693 INFO  [Log] ****************           -S-T-A-R-T-Test 18       **************** 
2023-03-29 15:17:07,342 INFO  [Log] ****************           -S-T-A-R-T-Test 19       **************** 
2023-03-29 15:17:16,765 INFO  [Log] ****************           -S-T-A-R-T-Test 20       **************** 
2023-03-29 15:17:25,819 INFO  [Log] ****************           -S-T-A-R-T-Test 21       **************** 
2023-03-29 15:17:34,207 INFO  [Log] ****************           -S-T-A-R-T-Test 22       **************** 
2023-03-29 15:17:47,252 INFO  [Log] ****************           -S-T-A-R-T-Test 23       **************** 
2023-03-29 15:17:56,380 INFO  [Log] ****************           -S-T-A-R-T-Test 23       **************** 
2023-03-29 15:18:15,880 INFO  [Log] ****************           -S-T-A-R-T-Test 25       **************** 
2023-03-29 15:18:27,229 INFO  [Log] ****************           -S-T-A-R-T-Test 26       **************** 
2023-03-29 15:18:38,459 INFO  [Log] ****************           -S-T-A-R-T-Test 27       **************** 
2023-03-29 15:18:47,146 INFO  [Log] ****************           -S-T-A-R-T-Test 28       **************** 
2023-03-29 15:18:57,003 INFO  [Log] ****************           -S-T-A-R-T-Test 29       **************** 
2023-03-29 15:19:05,671 INFO  [Log] ****************           -S-T-A-R-T-Test 30       **************** 
2023-03-29 15:19:18,416 INFO  [Log] ****************           -S-T-A-R-T-Test 31       **************** 
2023-03-29 15:19:27,057 INFO  [Log] ****************           -S-T-A-R-T-Test 32       **************** 
2023-03-29 15:19:38,236 INFO  [Log] ****************           -S-T-A-R-T-Test 33       **************** 
2023-03-29 15:19:50,686 INFO  [Log] ****************           -S-T-A-R-T-Test 34       **************** 
2023-03-29 15:20:04,069 INFO  [Log] ****************           -S-T-A-R-T-Test 35       **************** 
2023-03-29 15:20:21,106 INFO  [Log] ****************           -S-T-A-R-T-Test 36       **************** 
2023-03-29 15:20:34,959 INFO  [Log] ****************           -S-T-A-R-T-Test 36       **************** 
